Performing C++ SOURCE FILE Test CMAKE_HAVE_LIBC_PTHREAD failed with the following output:
Change Dir: /home/flagrans/learn/learn/qt/build-lesson_4_5-Desktop_Qt_6_2_4_GCC_64bit-Debug/CMakeFiles/CMakeTmp

Run Build Command(s):/opt/Qt/Tools/Ninja/ninja cmTC_e379e && [1/2] Building CXX object CMakeFiles/cmTC_e379e.dir/src.cxx.o
[2/2] Linking CXX executable cmTC_e379e
FAILED: cmTC_e379e 
: && /usr/bin/g++ -DQT_QML_DEBUG  CMakeFiles/cmTC_e379e.dir/src.cxx.o -o cmTC_e379e   && :
/usr/bin/ld: CMakeFiles/cmTC_e379e.dir/src.cxx.o: в функции «main»:
src.cxx:(.text+0x46): неопределённая ссылка на «pthread_create»
/usr/bin/ld: src.cxx:(.text+0x52): неопределённая ссылка на «pthread_detach»
/usr/bin/ld: src.cxx:(.text+0x5e): неопределённая ссылка на «pthread_cancel»
/usr/bin/ld: src.cxx:(.text+0x6f): неопределённая ссылка на «pthread_join»
collect2: error: ld returned 1 exit status
ninja: build stopped: subcommand failed.


Source file was:
#include <pthread.h>

static void* test_func(void* data)
{
  return data;
}

int main(void)
{
  pthread_t thread;
  pthread_create(&thread, NULL, test_func, NULL);
  pthread_detach(thread);
  pthread_cancel(thread);
  pthread_join(thread, NULL);
  pthread_atfork(NULL, NULL, NULL);
  pthread_exit(NULL);

  return 0;
}

